Using pre-set license
Built from '2021.1/staging' branch; Version is '2021.1.7f1 (d91830b65d9b) revision 14227504'; Using compiler version '192528614'; Build Type 'Release'
OS: 'Windows 10 Education; OS build 19043.1237; Version 2009; 64bit' Language: 'en' Physical Memory: 16247 MB
BatchMode: 1, IsHumanControllingUs: 0, StartBugReporterOnCrash: 0, Is64bit: 1, IsPro: 0

 COMMAND LINE ARGUMENTS:
C:\Program Files\Unity 2021.1.7f1\Editor\Unity.exe
-adb2
-batchMode
-noUpm
-name
AssetImportWorker0
-projectPath
C:/Users/d4.4s/Documents/GitHub/RealmRush/Realm Rush
-logFile
Logs/AssetImportWorker0.log
-srvPort
52100
Successfully changed project path to: C:/Users/d4.4s/Documents/GitHub/RealmRush/Realm Rush
C:/Users/d4.4s/Documents/GitHub/RealmRush/Realm Rush
Using Asset Import Pipeline V2.
Refreshing native plugins compatible for Editor in 68.69 ms, found 1 plugins.
Preloading 0 native plugins for Editor in 0.00 ms.
Initialize engine version: 2021.1.7f1 (d91830b65d9b)
[Subsystems] Discovering subsystems at path C:/Program Files/Unity 2021.1.7f1/Editor/Data/Resources/UnitySubsystems
[Subsystems] Discovering subsystems at path C:/Users/d4.4s/Documents/GitHub/RealmRush/Realm Rush/Assets
GfxDevice: creating device client; threaded=0; jobified=0
Direct3D:
    Version:  Direct3D 11.0 [level 11.1]
    Renderer: AMD Radeon R7 450 (ID=0x682b)
    Vendor:   ATI
    VRAM:     4076 MB
    Driver:   24.20.11020.3002
Initialize mono
Mono path[0] = 'C:/Program Files/Unity 2021.1.7f1/Editor/Data/Managed'
Mono path[1] = 'C:/Program Files/Unity 2021.1.7f1/Editor/Data/MonoBleedingEdge/lib/mono/unityjit'
Mono config path = 'C:/Program Files/Unity 2021.1.7f1/Editor/Data/MonoBleedingEdge/etc'
Using monoOptions --debugger-agent=transport=dt_socket,embedding=1,server=y,suspend=n,address=127.0.0.1:56684
Begin MonoManager ReloadAssembly
Registering precompiled unity dll's ...
Register platform support module: C:/Program Files/Unity 2021.1.7f1/Editor/Data/PlaybackEngines/WebGLSupport/UnityEditor.WebGL.Extensions.dll
Register platform support module: C:/Program Files/Unity 2021.1.7f1/Editor/Data/PlaybackEngines/WindowsStandaloneSupport/UnityEditor.WindowsStandalone.Extensions.dll
Registered in 0.001710 seconds.
Native extension for WindowsStandalone target not found
Native extension for WebGL target not found
Refreshing native plugins compatible for Editor in 71.36 ms, found 1 plugins.
Preloading 0 native plugins for Editor in 0.00 ms.
Mono: successfully reloaded assembly
- Completed reload, in  1.226 seconds
Platform modules already initialized, skipping
Registering precompiled user dll's ...
Registered in 0.002188 seconds.
Begin MonoManager ReloadAssembly
Symbol file LoadedFromMemory doesn't match image C:\Users\d4.4s\Documents\GitHub\RealmRush\Realm Rush\Library\PackageCache\com.unity.visualscripting@1.6.1\Editor\VisualScripting.Core\Dependencies\YamlDotNet\Unity.VisualScripting.YamlDotNet.dll
Symbol file LoadedFromMemory doesn't match image C:\Users\d4.4s\Documents\GitHub\RealmRush\Realm Rush\Library\PackageCache\com.unity.visualscripting@1.6.1\Editor\VisualScripting.Core\Dependencies\DotNetZip\Unity.VisualScripting.IonicZip.dll
Native extension for WindowsStandalone target not found
Native extension for WebGL target not found
Refreshing native plugins compatible for Editor in 0.45 ms, found 1 plugins.
Preloading 0 native plugins for Editor in 0.00 ms.
Mono: successfully reloaded assembly
- Completed reload, in  0.857 seconds
Platform modules already initialized, skipping
========================================================================
Worker process is ready to serve import requests
Launched and connected shader compiler UnityShaderCompiler.exe after 0.04 seconds
Refreshing native plugins compatible for Editor in 0.54 ms, found 1 plugins.
Preloading 0 native plugins for Editor in 0.00 ms.
Unloading 2700 Unused Serialized files (Serialized files now loaded: 0)
System memory in use before: 120.8 MB.
System memory in use after: 121.0 MB.

Unloading 13 unused Assets to reduce memory usage. Loaded Objects now: 3175.
Total: 1.953600 ms (FindLiveObjects: 0.236700 ms CreateObjectMapping: 0.163400 ms MarkObjects: 1.462600 ms  DeleteObjects: 0.090100 ms)

========================================================================
Received Import Request.
  path: ProjectSettings/TagManager.asset
  artifactKey: Guid(00000000000000003000000000000000) Importer(815301076,1909f56bfc062723c751e8b465ee728b)
Start importing ProjectSettings/TagManager.asset using Guid(00000000000000003000000000000000) Importer(815301076,1909f56bfc062723c751e8b465ee728b)  -> (artifact id: 'a4b35139183d9dcd6aab0eea26a89e39') in 0.034183 seconds 
========================================================================
Received Prepare
Registering precompiled user dll's ...
Registered in 0.002061 seconds.
Begin MonoManager ReloadAssembly
Symbol file LoadedFromMemory doesn't match image C:\Users\d4.4s\Documents\GitHub\RealmRush\Realm Rush\Library\PackageCache\com.unity.visualscripting@1.6.1\Editor\VisualScripting.Core\Dependencies\YamlDotNet\Unity.VisualScripting.YamlDotNet.dll
Symbol file LoadedFromMemory doesn't match image C:\Users\d4.4s\Documents\GitHub\RealmRush\Realm Rush\Library\PackageCache\com.unity.visualscripting@1.6.1\Editor\VisualScripting.Core\Dependencies\DotNetZip\Unity.VisualScripting.IonicZip.dll
Native extension for WindowsStandalone target not found
Native extension for WebGL target not found
Refreshing native plugins compatible for Editor in 0.50 ms, found 1 plugins.
Preloading 0 native plugins for Editor in 0.00 ms.
Mono: successfully reloaded assembly
- Completed reload, in  0.815 seconds
Platform modules already initialized, skipping
Refreshing native plugins compatible for Editor in 0.45 ms, found 1 plugins.
Preloading 0 native plugins for Editor in 0.00 ms.
Unloading 2682 Unused Serialized files (Serialized files now loaded: 0)
System memory in use before: 119.5 MB.
System memory in use after: 119.7 MB.

Unloading 10 unused Assets to reduce memory usage. Loaded Objects now: 3177.
Total: 1.826700 ms (FindLiveObjects: 0.201700 ms CreateObjectMapping: 0.126900 ms MarkObjects: 1.431200 ms  DeleteObjects: 0.066000 ms)

========================================================================
Received Prepare
Registering precompiled user dll's ...
Registered in 0.002332 seconds.
Begin MonoManager ReloadAssembly
Symbol file LoadedFromMemory doesn't match image C:\Users\d4.4s\Documents\GitHub\RealmRush\Realm Rush\Library\PackageCache\com.unity.visualscripting@1.6.1\Editor\VisualScripting.Core\Dependencies\YamlDotNet\Unity.VisualScripting.YamlDotNet.dll
Symbol file LoadedFromMemory doesn't match image C:\Users\d4.4s\Documents\GitHub\RealmRush\Realm Rush\Library\PackageCache\com.unity.visualscripting@1.6.1\Editor\VisualScripting.Core\Dependencies\DotNetZip\Unity.VisualScripting.IonicZip.dll
Native extension for WindowsStandalone target not found
Native extension for WebGL target not found
Refreshing native plugins compatible for Editor in 0.58 ms, found 1 plugins.
Preloading 0 native plugins for Editor in 0.00 ms.
Mono: successfully reloaded assembly
- Completed reload, in  0.920 seconds
Platform modules already initialized, skipping
Refreshing native plugins compatible for Editor in 0.45 ms, found 1 plugins.
Preloading 0 native plugins for Editor in 0.00 ms.
Unloading 2682 Unused Serialized files (Serialized files now loaded: 0)
System memory in use before: 119.5 MB.
System memory in use after: 119.7 MB.

Unloading 9 unused Assets to reduce memory usage. Loaded Objects now: 3179.
Total: 1.976900 ms (FindLiveObjects: 0.246600 ms CreateObjectMapping: 0.149800 ms MarkObjects: 1.479900 ms  DeleteObjects: 0.099200 ms)

========================================================================
Received Prepare
Registering precompiled user dll's ...
Registered in 0.002169 seconds.
Begin MonoManager ReloadAssembly
Symbol file LoadedFromMemory doesn't match image C:\Users\d4.4s\Documents\GitHub\RealmRush\Realm Rush\Library\PackageCache\com.unity.visualscripting@1.6.1\Editor\VisualScripting.Core\Dependencies\YamlDotNet\Unity.VisualScripting.YamlDotNet.dll
Symbol file LoadedFromMemory doesn't match image C:\Users\d4.4s\Documents\GitHub\RealmRush\Realm Rush\Library\PackageCache\com.unity.visualscripting@1.6.1\Editor\VisualScripting.Core\Dependencies\DotNetZip\Unity.VisualScripting.IonicZip.dll
Native extension for WindowsStandalone target not found
Native extension for WebGL target not found
Refreshing native plugins compatible for Editor in 0.45 ms, found 1 plugins.
Preloading 0 native plugins for Editor in 0.00 ms.
Mono: successfully reloaded assembly
- Completed reload, in  0.821 seconds
Platform modules already initialized, skipping
Refreshing native plugins compatible for Editor in 0.45 ms, found 1 plugins.
Preloading 0 native plugins for Editor in 0.00 ms.
Unloading 2682 Unused Serialized files (Serialized files now loaded: 0)
System memory in use before: 119.5 MB.
System memory in use after: 119.7 MB.

Unloading 9 unused Assets to reduce memory usage. Loaded Objects now: 3181.
Total: 1.738500 ms (FindLiveObjects: 0.198000 ms CreateObjectMapping: 0.117600 ms MarkObjects: 1.354100 ms  DeleteObjects: 0.067500 ms)

========================================================================
Received Import Request.
  Time since last request: 968.125183 seconds.
  path: Assets/Fonts/Trickster-Reg SDF.asset
  artifactKey: Guid(24d7019b9f499e94a8b29f88d36657dd) Importer(815301076,1909f56bfc062723c751e8b465ee728b)
Start importing Assets/Fonts/Trickster-Reg SDF.asset using Guid(24d7019b9f499e94a8b29f88d36657dd) Importer(815301076,1909f56bfc062723c751e8b465ee728b)  -> (artifact id: '07d5714d78ff26c3930225a088149ed8') in 0.130035 seconds 
========================================================================
Received Import Request.
  Time since last request: 904.681160 seconds.
  path: Assets/Sprites/hammerIcon.png
  artifactKey: Guid(99385645aded9e341994a56b18aa181f) Importer(815301076,1909f56bfc062723c751e8b465ee728b)
Start importing Assets/Sprites/hammerIcon.png using Guid(99385645aded9e341994a56b18aa181f) Importer(815301076,1909f56bfc062723c751e8b465ee728b)  -> (artifact id: 'b2fa32d0367c29e3d3b941f1d32a7ee8') in 0.018640 seconds 
========================================================================
Received Import Request.
  Time since last request: 14.057754 seconds.
  path: Assets/Sprites/hammerIcon.png
  artifactKey: Guid(99385645aded9e341994a56b18aa181f) Importer(815301076,1909f56bfc062723c751e8b465ee728b)
Start importing Assets/Sprites/hammerIcon.png using Guid(99385645aded9e341994a56b18aa181f) Importer(815301076,1909f56bfc062723c751e8b465ee728b)  -> (artifact id: 'ac10acc935377a25e882bf24758d8aeb') in 0.029982 seconds 
========================================================================
Received Import Request.
  Time since last request: 4.803999 seconds.
  path: Assets/Sprites/hammerIcon.png
  artifactKey: Guid(99385645aded9e341994a56b18aa181f) Importer(815301076,1909f56bfc062723c751e8b465ee728b)
Start importing Assets/Sprites/hammerIcon.png using Guid(99385645aded9e341994a56b18aa181f) Importer(815301076,1909f56bfc062723c751e8b465ee728b)  -> (artifact id: '63e91310b9e7584abefd7d91512e33cf') in 0.008958 seconds 
========================================================================
Received Prepare
Registering precompiled user dll's ...
Registered in 0.002411 seconds.
Begin MonoManager ReloadAssembly
Symbol file LoadedFromMemory doesn't match image C:\Users\d4.4s\Documents\GitHub\RealmRush\Realm Rush\Library\PackageCache\com.unity.visualscripting@1.6.1\Editor\VisualScripting.Core\Dependencies\YamlDotNet\Unity.VisualScripting.YamlDotNet.dll
Symbol file LoadedFromMemory doesn't match image C:\Users\d4.4s\Documents\GitHub\RealmRush\Realm Rush\Library\PackageCache\com.unity.visualscripting@1.6.1\Editor\VisualScripting.Core\Dependencies\DotNetZip\Unity.VisualScripting.IonicZip.dll
Native extension for WindowsStandalone target not found
Native extension for WebGL target not found
Refreshing native plugins compatible for Editor in 0.45 ms, found 1 plugins.
Preloading 0 native plugins for Editor in 0.00 ms.
Mono: successfully reloaded assembly
- Completed reload, in  0.810 seconds
Platform modules already initialized, skipping
Refreshing native plugins compatible for Editor in 0.45 ms, found 1 plugins.
Preloading 0 native plugins for Editor in 0.00 ms.
Unloading 2684 Unused Serialized files (Serialized files now loaded: 0)
System memory in use before: 126.2 MB.
System memory in use after: 126.4 MB.

Unloading 9 unused Assets to reduce memory usage. Loaded Objects now: 3286.
Total: 1.797000 ms (FindLiveObjects: 0.217100 ms CreateObjectMapping: 0.115400 ms MarkObjects: 1.391000 ms  DeleteObjects: 0.072600 ms)

========================================================================
Received Prepare
Registering precompiled user dll's ...
Registered in 0.002285 seconds.
Begin MonoManager ReloadAssembly
Symbol file LoadedFromMemory doesn't match image C:\Users\d4.4s\Documents\GitHub\RealmRush\Realm Rush\Library\PackageCache\com.unity.visualscripting@1.6.1\Editor\VisualScripting.Core\Dependencies\YamlDotNet\Unity.VisualScripting.YamlDotNet.dll
Symbol file LoadedFromMemory doesn't match image C:\Users\d4.4s\Documents\GitHub\RealmRush\Realm Rush\Library\PackageCache\com.unity.visualscripting@1.6.1\Editor\VisualScripting.Core\Dependencies\DotNetZip\Unity.VisualScripting.IonicZip.dll
Native extension for WindowsStandalone target not found
Native extension for WebGL target not found
Refreshing native plugins compatible for Editor in 0.46 ms, found 1 plugins.
Preloading 0 native plugins for Editor in 0.00 ms.
Mono: successfully reloaded assembly
- Completed reload, in  0.916 seconds
Platform modules already initialized, skipping
Refreshing native plugins compatible for Editor in 0.47 ms, found 1 plugins.
Preloading 0 native plugins for Editor in 0.00 ms.
Unloading 2682 Unused Serialized files (Serialized files now loaded: 0)
System memory in use before: 126.1 MB.
System memory in use after: 126.3 MB.

Unloading 9 unused Assets to reduce memory usage. Loaded Objects now: 3288.
Total: 1.898700 ms (FindLiveObjects: 0.215200 ms CreateObjectMapping: 0.133700 ms MarkObjects: 1.476400 ms  DeleteObjects: 0.072700 ms)

========================================================================
Received Prepare
Registering precompiled user dll's ...
Registered in 0.002624 seconds.
Begin MonoManager ReloadAssembly
Symbol file LoadedFromMemory doesn't match image C:\Users\d4.4s\Documents\GitHub\RealmRush\Realm Rush\Library\PackageCache\com.unity.visualscripting@1.6.1\Editor\VisualScripting.Core\Dependencies\YamlDotNet\Unity.VisualScripting.YamlDotNet.dll
Symbol file LoadedFromMemory doesn't match image C:\Users\d4.4s\Documents\GitHub\RealmRush\Realm Rush\Library\PackageCache\com.unity.visualscripting@1.6.1\Editor\VisualScripting.Core\Dependencies\DotNetZip\Unity.VisualScripting.IonicZip.dll
Native extension for WindowsStandalone target not found
Native extension for WebGL target not found
Refreshing native plugins compatible for Editor in 0.45 ms, found 1 plugins.
Preloading 0 native plugins for Editor in 0.00 ms.
Mono: successfully reloaded assembly
- Completed reload, in  0.821 seconds
Platform modules already initialized, skipping
Refreshing native plugins compatible for Editor in 0.50 ms, found 1 plugins.
Preloading 0 native plugins for Editor in 0.00 ms.
Unloading 2682 Unused Serialized files (Serialized files now loaded: 0)
System memory in use before: 126.1 MB.
System memory in use after: 126.3 MB.

Unloading 9 unused Assets to reduce memory usage. Loaded Objects now: 3290.
Total: 1.926800 ms (FindLiveObjects: 0.211000 ms CreateObjectMapping: 0.141300 ms MarkObjects: 1.504900 ms  DeleteObjects: 0.068800 ms)

========================================================================
Received Import Request.
  Time since last request: 536.819315 seconds.
  path: Assets/Prefabs/Environment/Tiles/Tile.prefab
  artifactKey: Guid(51d589b5104141246acf4d95ec903d97) Importer(815301076,1909f56bfc062723c751e8b465ee728b)
Start importing Assets/Prefabs/Environment/Tiles/Tile.prefab using Guid(51d589b5104141246acf4d95ec903d97) Importer(815301076,1909f56bfc062723c751e8b465ee728b)  -> (artifact id: '2ce492389d9892e5b356823d2811a5fd') in 0.111790 seconds 
========================================================================
Received Import Request.
  Time since last request: 17.895362 seconds.
  path: Assets/Prefabs/Environment/Tiles/Tile.prefab
  artifactKey: Guid(51d589b5104141246acf4d95ec903d97) Importer(815301076,1909f56bfc062723c751e8b465ee728b)
Start importing Assets/Prefabs/Environment/Tiles/Tile.prefab using Guid(51d589b5104141246acf4d95ec903d97) Importer(815301076,1909f56bfc062723c751e8b465ee728b)  -> (artifact id: '0a9175c9309ec19017bed5c3bc410a3a') in 0.059794 seconds 
========================================================================
Received Import Request.
  Time since last request: 1.085948 seconds.
  path: Assets/Prefabs/Environment/Tiles/Tile.prefab
  artifactKey: Guid(51d589b5104141246acf4d95ec903d97) Importer(815301076,1909f56bfc062723c751e8b465ee728b)
Start importing Assets/Prefabs/Environment/Tiles/Tile.prefab using Guid(51d589b5104141246acf4d95ec903d97) Importer(815301076,1909f56bfc062723c751e8b465ee728b)  -> (artifact id: '24f6921cc8ad7c5f68a538e3ab671523') in 0.035885 seconds 
========================================================================
Received Prepare
Registering precompiled user dll's ...
Registered in 0.002285 seconds.
Begin MonoManager ReloadAssembly
Symbol file LoadedFromMemory doesn't match image C:\Users\d4.4s\Documents\GitHub\RealmRush\Realm Rush\Library\PackageCache\com.unity.visualscripting@1.6.1\Editor\VisualScripting.Core\Dependencies\YamlDotNet\Unity.VisualScripting.YamlDotNet.dll
Symbol file LoadedFromMemory doesn't match image C:\Users\d4.4s\Documents\GitHub\RealmRush\Realm Rush\Library\PackageCache\com.unity.visualscripting@1.6.1\Editor\VisualScripting.Core\Dependencies\DotNetZip\Unity.VisualScripting.IonicZip.dll
Native extension for WindowsStandalone target not found
Native extension for WebGL target not found
Refreshing native plugins compatible for Editor in 0.47 ms, found 1 plugins.
Preloading 0 native plugins for Editor in 0.00 ms.
Mono: successfully reloaded assembly
- Completed reload, in  0.828 seconds
Platform modules already initialized, skipping
Refreshing native plugins compatible for Editor in 0.46 ms, found 1 plugins.
Preloading 0 native plugins for Editor in 0.00 ms.
Unloading 2682 Unused Serialized files (Serialized files now loaded: 0)
System memory in use before: 126.2 MB.
System memory in use after: 126.4 MB.

Unloading 12 unused Assets to reduce memory usage. Loaded Objects now: 3293.
Total: 1.924700 ms (FindLiveObjects: 0.219400 ms CreateObjectMapping: 0.115300 ms MarkObjects: 1.509600 ms  DeleteObjects: 0.078900 ms)

========================================================================
Received Import Request.
  Time since last request: 20.938136 seconds.
  path: Assets/Prefabs/Environment/Tiles/Tile.prefab
  artifactKey: Guid(51d589b5104141246acf4d95ec903d97) Importer(815301076,1909f56bfc062723c751e8b465ee728b)
Start importing Assets/Prefabs/Environment/Tiles/Tile.prefab using Guid(51d589b5104141246acf4d95ec903d97) Importer(815301076,1909f56bfc062723c751e8b465ee728b)  -> (artifact id: '1cbe018f091b4957f59c5bd59706fd35') in 0.109022 seconds 
AssetImportWorkerClient::OnTransportError - code=2 error=End of file
